Connecting to database specified by database.yml
  [1m[36m (114.3ms)[0m  [1mCREATE TABLE `schema_migrations` (`version` varchar(255) NOT NULL) ENGINE=InnoDB[0m
  [1m[35m (179.7ms)[0m  CREATE UNIQUE INDEX `unique_schema_migrations` ON `schema_migrations` (`version`)
  [1m[36m (2.1ms)[0m  [1mSELECT `schema_migrations`.`version` FROM `schema_migrations` [0m


Started GET "/assets/rails.png" for 127.0.0.1 at 2013-01-20 20:35:00 +0200
Connecting to database specified by database.yml
Served asset /rails.png - 200 OK (6ms)


Started GET "/rails/info/properties" for 127.0.0.1 at 2013-01-20 20:35:02 +0200
  [1m[36m (2.0ms)[0m  [1mSELECT `schema_migrations`.`version` FROM `schema_migrations` [0m
Processing by Rails::InfoController#properties as */*
  Rendered inline template (3.8ms)
Completed 200 OK in 38ms (Views: 37.8ms | ActiveRecord: 0.0ms)
Connecting to database specified by database.yml
Connecting to database specified by database.yml
Connecting to database specified by database.yml
Connecting to database specified by database.yml
  [1m[36m (1.9ms)[0m  [1mSELECT `schema_migrations`.`version` FROM `schema_migrations` [0m
Migrating to DeviseCreateUsers (20130120185602)
  [1m[35m (103.8ms)[0m  CREATE TABLE `users` (`id` int(11) DEFAULT NULL auto_increment PRIMARY KEY, `email` varchar(255) DEFAULT '' NOT NULL, `encrypted_password` varchar(255) DEFAULT '' NOT NULL, `reset_password_token` varchar(255), `reset_password_sent_at` datetime, `remember_created_at` datetime, `sign_in_count` int(11) DEFAULT 0, `current_sign_in_at` datetime, `last_sign_in_at` datetime, `current_sign_in_ip` varchar(255), `last_sign_in_ip` varchar(255), `created_at` datetime NOT NULL, `updated_at` datetime NOT NULL) ENGINE=InnoDB
  [1m[36m (235.9ms)[0m  [1mCREATE UNIQUE INDEX `index_users_on_email` ON `users` (`email`)[0m
  [1m[35m (189.1ms)[0m  CREATE UNIQUE INDEX `index_users_on_reset_password_token` ON `users` (`reset_password_token`)
  [1m[36m (66.5ms)[0m  [1mINSERT INTO `schema_migrations` (`version`) VALUES ('20130120185602')[0m
  [1m[35m (0.2ms)[0m  SELECT `schema_migrations`.`version` FROM `schema_migrations` 
Connecting to database specified by database.yml


Started GET "/assets/rails.png" for 127.0.0.1 at 2013-01-20 20:57:21 +0200
Served asset /rails.png - 304 Not Modified (3ms)


Started GET "/rails/info/properties" for 127.0.0.1 at 2013-01-20 20:57:24 +0200
  [1m[36m (2.2ms)[0m  [1mSELECT `schema_migrations`.`version` FROM `schema_migrations` [0m
Processing by Rails::InfoController#properties as */*
  Rendered inline template (3.4ms)
Completed 200 OK in 36ms (Views: 35.8ms | ActiveRecord: 0.0ms)


Started GET "/devise" for 127.0.0.1 at 2013-01-20 20:57:31 +0200

ActionController::RoutingError (No route matches [GET] "/devise"):
  actionpack (3.2.8) lib/action_dispatch/middleware/debug_exceptions.rb:21:in `call'
  actionpack (3.2.8) lib/action_dispatch/middleware/show_exceptions.rb:56:in `call'
  railties (3.2.8) lib/rails/rack/logger.rb:26:in `call_app'
  railties (3.2.8) lib/rails/rack/logger.rb:16:in `call'
  actionpack (3.2.8) lib/action_dispatch/middleware/request_id.rb:22:in `call'
  rack (1.4.4) lib/rack/methodoverride.rb:21:in `call'
  rack (1.4.4) lib/rack/runtime.rb:17:in `call'
  activesupport (3.2.8) lib/active_support/cache/strategy/local_cache.rb:72:in `call'
  rack (1.4.4) lib/rack/lock.rb:15:in `call'
  actionpack (3.2.8) lib/action_dispatch/middleware/static.rb:62:in `call'
  railties (3.2.8) lib/rails/engine.rb:479:in `call'
  railties (3.2.8) lib/rails/application.rb:223:in `call'
  rack (1.4.4) lib/rack/content_length.rb:14:in `call'
  railties (3.2.8) lib/rails/rack/log_tailer.rb:17:in `call'
  rack (1.4.4) lib/rack/handler/webrick.rb:59:in `service'
  /home/veronika/.rvm/rubies/ruby-1.9.3-p374/lib/ruby/1.9.1/webrick/httpserver.rb:138:in `service'
  /home/veronika/.rvm/rubies/ruby-1.9.3-p374/lib/ruby/1.9.1/webrick/httpserver.rb:94:in `run'
  /home/veronika/.rvm/rubies/ruby-1.9.3-p374/lib/ruby/1.9.1/webrick/server.rb:191:in `block in start_thread'


  Rendered /home/veronika/.rvm/gems/ruby-1.9.3-p374/gems/actionpack-3.2.8/lib/action_dispatch/middleware/templates/rescues/routing_error.erb within rescues/layout (0.8ms)
Connecting to database specified by database.yml


Started GET "/users" for 127.0.0.1 at 2013-01-20 20:58:27 +0200

ActionController::RoutingError (No route matches [GET] "/users"):
  actionpack (3.2.8) lib/action_dispatch/middleware/debug_exceptions.rb:21:in `call'
  actionpack (3.2.8) lib/action_dispatch/middleware/show_exceptions.rb:56:in `call'
  railties (3.2.8) lib/rails/rack/logger.rb:26:in `call_app'
  railties (3.2.8) lib/rails/rack/logger.rb:16:in `call'
  actionpack (3.2.8) lib/action_dispatch/middleware/request_id.rb:22:in `call'
  rack (1.4.4) lib/rack/methodoverride.rb:21:in `call'
  rack (1.4.4) lib/rack/runtime.rb:17:in `call'
  activesupport (3.2.8) lib/active_support/cache/strategy/local_cache.rb:72:in `call'
  rack (1.4.4) lib/rack/lock.rb:15:in `call'
  actionpack (3.2.8) lib/action_dispatch/middleware/static.rb:62:in `call'
  railties (3.2.8) lib/rails/engine.rb:479:in `call'
  railties (3.2.8) lib/rails/application.rb:223:in `call'
  rack (1.4.4) lib/rack/content_length.rb:14:in `call'
  railties (3.2.8) lib/rails/rack/log_tailer.rb:17:in `call'
  rack (1.4.4) lib/rack/handler/webrick.rb:59:in `service'
  /home/veronika/.rvm/rubies/ruby-1.9.3-p374/lib/ruby/1.9.1/webrick/httpserver.rb:138:in `service'
  /home/veronika/.rvm/rubies/ruby-1.9.3-p374/lib/ruby/1.9.1/webrick/httpserver.rb:94:in `run'
  /home/veronika/.rvm/rubies/ruby-1.9.3-p374/lib/ruby/1.9.1/webrick/server.rb:191:in `block in start_thread'


  Rendered /home/veronika/.rvm/gems/ruby-1.9.3-p374/gems/actionpack-3.2.8/lib/action_dispatch/middleware/templates/rescues/routing_error.erb within rescues/layout (0.8ms)


Started GET "/users/new" for 127.0.0.1 at 2013-01-20 20:59:36 +0200

ActionController::RoutingError (No route matches [GET] "/users/new"):
  actionpack (3.2.8) lib/action_dispatch/middleware/debug_exceptions.rb:21:in `call'
  actionpack (3.2.8) lib/action_dispatch/middleware/show_exceptions.rb:56:in `call'
  railties (3.2.8) lib/rails/rack/logger.rb:26:in `call_app'
  railties (3.2.8) lib/rails/rack/logger.rb:16:in `call'
  actionpack (3.2.8) lib/action_dispatch/middleware/request_id.rb:22:in `call'
  rack (1.4.4) lib/rack/methodoverride.rb:21:in `call'
  rack (1.4.4) lib/rack/runtime.rb:17:in `call'
  activesupport (3.2.8) lib/active_support/cache/strategy/local_cache.rb:72:in `call'
  rack (1.4.4) lib/rack/lock.rb:15:in `call'
  actionpack (3.2.8) lib/action_dispatch/middleware/static.rb:62:in `call'
  railties (3.2.8) lib/rails/engine.rb:479:in `call'
  railties (3.2.8) lib/rails/application.rb:223:in `call'
  rack (1.4.4) lib/rack/content_length.rb:14:in `call'
  railties (3.2.8) lib/rails/rack/log_tailer.rb:17:in `call'
  rack (1.4.4) lib/rack/handler/webrick.rb:59:in `service'
  /home/veronika/.rvm/rubies/ruby-1.9.3-p374/lib/ruby/1.9.1/webrick/httpserver.rb:138:in `service'
  /home/veronika/.rvm/rubies/ruby-1.9.3-p374/lib/ruby/1.9.1/webrick/httpserver.rb:94:in `run'
  /home/veronika/.rvm/rubies/ruby-1.9.3-p374/lib/ruby/1.9.1/webrick/server.rb:191:in `block in start_thread'


  Rendered /home/veronika/.rvm/gems/ruby-1.9.3-p374/gems/actionpack-3.2.8/lib/action_dispatch/middleware/templates/rescues/routing_error.erb within rescues/layout (1.2ms)


Started GET "/users/sign_in" for 127.0.0.1 at 2013-01-20 21:00:08 +0200
Processing by Devise::SessionsController#new as HTML
  Rendered devise/shared/_links.erb (2.1ms)
  Rendered devise/sessions/new.html.erb within layouts/application (19.4ms)
Compiled application.css  (1ms)  (pid 21624)
Compiled jquery.js  (2ms)  (pid 21624)
Compiled jquery_ujs.js  (0ms)  (pid 21624)
Compiled application.js  (50ms)  (pid 21624)
Completed 200 OK in 219ms (Views: 128.9ms | ActiveRecord: 1.4ms)


Started GET "/assets/application.css?body=1" for 127.0.0.1 at 2013-01-20 21:00:08 +0200
Served asset /application.css - 200 OK (2ms)


Started GET "/assets/jquery.js?body=1" for 127.0.0.1 at 2013-01-20 21:00:08 +0200
Served asset /jquery.js - 200 OK (4ms)


Started GET "/assets/jquery_ujs.js?body=1" for 127.0.0.1 at 2013-01-20 21:00:08 +0200
Served asset /jquery_ujs.js - 200 OK (2ms)


Started GET "/assets/application.js?body=1" for 127.0.0.1 at 2013-01-20 21:00:08 +0200
Served asset /application.js - 200 OK (6ms)


Started GET "/users/sign_up" for 127.0.0.1 at 2013-01-20 21:00:25 +0200
Processing by Devise::RegistrationsController#new as HTML
  Rendered devise/shared/_links.erb (0.9ms)
  Rendered devise/registrations/new.html.erb within layouts/application (5.6ms)
Completed 200 OK in 12ms (Views: 10.9ms | ActiveRecord: 0.0ms)


Started GET "/users/password/new" for 127.0.0.1 at 2013-01-20 21:00:27 +0200
Processing by Devise::PasswordsController#new as HTML
  Rendered devise/shared/_links.erb (0.6ms)
  Rendered devise/passwords/new.html.erb within layouts/application (5.5ms)
Completed 200 OK in 15ms (Views: 14.0ms | ActiveRecord: 0.0ms)
Connecting to database specified by database.yml


Started GET "/users/" for 127.0.0.1 at 2013-01-20 21:05:07 +0200

ActionController::RoutingError (No route matches [GET] "/users"):
  actionpack (3.2.8) lib/action_dispatch/middleware/debug_exceptions.rb:21:in `call'
  actionpack (3.2.8) lib/action_dispatch/middleware/show_exceptions.rb:56:in `call'
  railties (3.2.8) lib/rails/rack/logger.rb:26:in `call_app'
  railties (3.2.8) lib/rails/rack/logger.rb:16:in `call'
  actionpack (3.2.8) lib/action_dispatch/middleware/request_id.rb:22:in `call'
  rack (1.4.4) lib/rack/methodoverride.rb:21:in `call'
  rack (1.4.4) lib/rack/runtime.rb:17:in `call'
  activesupport (3.2.8) lib/active_support/cache/strategy/local_cache.rb:72:in `call'
  rack (1.4.4) lib/rack/lock.rb:15:in `call'
  actionpack (3.2.8) lib/action_dispatch/middleware/static.rb:62:in `call'
  railties (3.2.8) lib/rails/engine.rb:479:in `call'
  railties (3.2.8) lib/rails/application.rb:223:in `call'
  rack (1.4.4) lib/rack/content_length.rb:14:in `call'
  railties (3.2.8) lib/rails/rack/log_tailer.rb:17:in `call'
  rack (1.4.4) lib/rack/handler/webrick.rb:59:in `service'
  /home/veronika/.rvm/rubies/ruby-1.9.3-p374/lib/ruby/1.9.1/webrick/httpserver.rb:138:in `service'
  /home/veronika/.rvm/rubies/ruby-1.9.3-p374/lib/ruby/1.9.1/webrick/httpserver.rb:94:in `run'
  /home/veronika/.rvm/rubies/ruby-1.9.3-p374/lib/ruby/1.9.1/webrick/server.rb:191:in `block in start_thread'


  Rendered /home/veronika/.rvm/gems/ruby-1.9.3-p374/gems/actionpack-3.2.8/lib/action_dispatch/middleware/templates/rescues/routing_error.erb within rescues/layout (0.9ms)
Connecting to database specified by database.yml


Started GET "/users/sign_in" for 127.0.0.1 at 2013-01-20 21:05:40 +0200
Processing by Devise::SessionsController#new as HTML
  Rendered /home/veronika/.rvm/gems/ruby-1.9.3-p374/gems/devise-2.2.2/app/views/devise/shared/_links.erb (1.9ms)
  Rendered /home/veronika/.rvm/gems/ruby-1.9.3-p374/gems/devise-2.2.2/app/views/devise/sessions/new.html.erb within layouts/application (7.4ms)
Completed 200 OK in 14ms (Views: 13.1ms | ActiveRecord: 0.0ms)


Started GET "/users/sign_up" for 127.0.0.1 at 2013-01-20 21:06:24 +0200
Processing by Devise::RegistrationsController#new as HTML
  Rendered /home/veronika/.rvm/gems/ruby-1.9.3-p374/gems/devise-2.2.2/app/views/devise/shared/_links.erb (0.6ms)
  Rendered /home/veronika/.rvm/gems/ruby-1.9.3-p374/gems/devise-2.2.2/app/views/devise/registrations/new.html.erb within layouts/application (6.2ms)
Completed 200 OK in 14ms (Views: 11.6ms | ActiveRecord: 0.0ms)


Started GET "/users/sign_up" for 127.0.0.1 at 2013-01-20 21:06:31 +0200
Processing by Devise::RegistrationsController#new as HTML
  Rendered /home/veronika/.rvm/gems/ruby-1.9.3-p374/gems/devise-2.2.2/app/views/devise/shared/_links.erb (1.6ms)
  Rendered /home/veronika/.rvm/gems/ruby-1.9.3-p374/gems/devise-2.2.2/app/views/devise/registrations/new.html.erb within layouts/application (5.3ms)
Completed 200 OK in 13ms (Views: 10.7ms | ActiveRecord: 0.0ms)


Started GET "/users/sign_up" for 127.0.0.1 at 2013-01-20 21:06:36 +0200
Processing by Devise::RegistrationsController#new as HTML
  Rendered /home/veronika/.rvm/gems/ruby-1.9.3-p374/gems/devise-2.2.2/app/views/devise/shared/_links.erb (0.6ms)
  Rendered /home/veronika/.rvm/gems/ruby-1.9.3-p374/gems/devise-2.2.2/app/views/devise/registrations/new.html.erb within layouts/application (4.6ms)
Completed 200 OK in 12ms (Views: 11.4ms | ActiveRecord: 0.0ms)


Started POST "/users" for 127.0.0.1 at 2013-01-20 21:06:49 +0200
Processing by Devise::RegistrationsController#create as HTML
  Parameters: {"utf8"=>"✓", "authenticity_token"=>"tm96SDrXEY+mcAkt0jjiUh44v9LNHIrkunzorgKSTkY=", "user"=>{"email"=>"exe.shka.exe@gmail.com", "password"=>"[FILTERED]", "password_confirmation"=>"[FILTERED]"}, "commit"=>"Sign up"}
  [1m[35m (0.2ms)[0m  BEGIN
  [1m[36mUser Exists (0.5ms)[0m  [1mSELECT 1 AS one FROM `users` WHERE `users`.`email` = BINARY 'exe.shka.exe@gmail.com' LIMIT 1[0m
  [1m[35m (0.2ms)[0m  ROLLBACK
  Rendered /home/veronika/.rvm/gems/ruby-1.9.3-p374/gems/devise-2.2.2/app/views/devise/shared/_links.erb (0.5ms)
  Rendered /home/veronika/.rvm/gems/ruby-1.9.3-p374/gems/devise-2.2.2/app/views/devise/registrations/new.html.erb within layouts/application (5.5ms)
Completed 200 OK in 194ms (Views: 10.7ms | ActiveRecord: 0.0ms)


Started POST "/users" for 127.0.0.1 at 2013-01-20 21:06:58 +0200
Processing by Devise::RegistrationsController#create as HTML
  Parameters: {"utf8"=>"✓", "authenticity_token"=>"tm96SDrXEY+mcAkt0jjiUh44v9LNHIrkunzorgKSTkY=", "user"=>{"email"=>"exe.shka.exe@gmail.com", "password"=>"[FILTERED]", "password_confirmation"=>"[FILTERED]"}, "commit"=>"Sign up"}
  [1m[36m (0.1ms)[0m  [1mBEGIN[0m
  [1m[35mUser Exists (0.2ms)[0m  SELECT 1 AS one FROM `users` WHERE `users`.`email` = BINARY 'exe.shka.exe@gmail.com' LIMIT 1
  [1m[36mSQL (193.0ms)[0m  [1mINSERT INTO `users` (`created_at`, `current_sign_in_at`, `current_sign_in_ip`, `email`, `encrypted_password`, `last_sign_in_at`, `last_sign_in_ip`, `remember_created_at`, `reset_password_sent_at`, `reset_password_token`, `sign_in_count`, `updated_at`) VALUES ('2013-01-20 19:06:58', NULL, NULL, 'exe.shka.exe@gmail.com', '$2a$10$YAFShv9ri5CkiKUx7qNEG.6z5cArrWh0eSSAvauUFHJe5f3qmmI8m', NULL, NULL, NULL, NULL, NULL, 0, '2013-01-20 19:06:58')[0m
  [1m[35m (77.1ms)[0m  COMMIT
  [1m[36m (0.1ms)[0m  [1mBEGIN[0m
  [1m[35m (0.5ms)[0m  UPDATE `users` SET `last_sign_in_at` = '2013-01-20 19:06:59', `current_sign_in_at` = '2013-01-20 19:06:59', `last_sign_in_ip` = '127.0.0.1', `current_sign_in_ip` = '127.0.0.1', `sign_in_count` = 1, `updated_at` = '2013-01-20 19:06:59' WHERE `users`.`id` = 1
  [1m[36m (48.7ms)[0m  [1mCOMMIT[0m
Redirected to http://localhost:3000/
Completed 302 Found in 453ms (ActiveRecord: 0.0ms)


Started GET "/assets/rails.png" for 127.0.0.1 at 2013-01-20 21:06:59 +0200
Served asset /rails.png - 304 Not Modified (0ms)


Started GET "/users/sign_in" for 127.0.0.1 at 2013-01-20 21:07:14 +0200
Processing by Devise::SessionsController#new as HTML
  [1m[35mUser Load (0.4ms)[0m  SELECT `users`.* FROM `users` WHERE `users`.`id` = 1 LIMIT 1
Redirected to http://localhost:3000/
Filter chain halted as :require_no_authentication rendered or redirected
Completed 302 Found in 41ms (ActiveRecord: 0.4ms)


Started GET "/assets/rails.png" for 127.0.0.1 at 2013-01-20 21:07:14 +0200
Served asset /rails.png - 304 Not Modified (0ms)


Started GET "/users" for 127.0.0.1 at 2013-01-20 21:07:22 +0200

ActionController::RoutingError (No route matches [GET] "/users"):
  actionpack (3.2.8) lib/action_dispatch/middleware/debug_exceptions.rb:21:in `call'
  actionpack (3.2.8) lib/action_dispatch/middleware/show_exceptions.rb:56:in `call'
  railties (3.2.8) lib/rails/rack/logger.rb:26:in `call_app'
  railties (3.2.8) lib/rails/rack/logger.rb:16:in `call'
  actionpack (3.2.8) lib/action_dispatch/middleware/request_id.rb:22:in `call'
  rack (1.4.4) lib/rack/methodoverride.rb:21:in `call'
  rack (1.4.4) lib/rack/runtime.rb:17:in `call'
  activesupport (3.2.8) lib/active_support/cache/strategy/local_cache.rb:72:in `call'
  rack (1.4.4) lib/rack/lock.rb:15:in `call'
  actionpack (3.2.8) lib/action_dispatch/middleware/static.rb:62:in `call'
  railties (3.2.8) lib/rails/engine.rb:479:in `call'
  railties (3.2.8) lib/rails/application.rb:223:in `call'
  rack (1.4.4) lib/rack/content_length.rb:14:in `call'
  railties (3.2.8) lib/rails/rack/log_tailer.rb:17:in `call'
  rack (1.4.4) lib/rack/handler/webrick.rb:59:in `service'
  /home/veronika/.rvm/rubies/ruby-1.9.3-p374/lib/ruby/1.9.1/webrick/httpserver.rb:138:in `service'
  /home/veronika/.rvm/rubies/ruby-1.9.3-p374/lib/ruby/1.9.1/webrick/httpserver.rb:94:in `run'
  /home/veronika/.rvm/rubies/ruby-1.9.3-p374/lib/ruby/1.9.1/webrick/server.rb:191:in `block in start_thread'


  Rendered /home/veronika/.rvm/gems/ruby-1.9.3-p374/gems/actionpack-3.2.8/lib/action_dispatch/middleware/templates/rescues/routing_error.erb within rescues/layout (0.8ms)
Connecting to database specified by database.yml
  [1m[36m (1.9ms)[0m  [1mSELECT `schema_migrations`.`version` FROM `schema_migrations` [0m
Migrating to DeviseCreateUsers (20130120185602)
  [1m[35m (0.1ms)[0m  SELECT `schema_migrations`.`version` FROM `schema_migrations` 
Connecting to database specified by database.yml


Started GET "/users/sign_up" for 127.0.0.1 at 2013-01-20 21:10:47 +0200
Processing by Devise::RegistrationsController#new as HTML
  [1m[36mUser Load (0.2ms)[0m  [1mSELECT `users`.* FROM `users` WHERE `users`.`id` = 1 LIMIT 1[0m
Redirected to http://localhost:3000/
Filter chain halted as :require_no_authentication rendered or redirected
Completed 302 Found in 108ms (ActiveRecord: 1.7ms)


Started GET "/assets/rails.png" for 127.0.0.1 at 2013-01-20 21:10:47 +0200
Served asset /rails.png - 304 Not Modified (2ms)
Connecting to database specified by database.yml


Started GET "/users/sign_up" for 127.0.0.1 at 2013-01-20 21:11:25 +0200
Processing by Devise::RegistrationsController#new as HTML
  [1m[35mUser Load (0.2ms)[0m  SELECT `users`.* FROM `users` WHERE `users`.`id` = 1 LIMIT 1
Redirected to http://localhost:3000/
Filter chain halted as :require_no_authentication rendered or redirected
Completed 302 Found in 3ms (ActiveRecord: 0.2ms)


Started GET "/assets/rails.png" for 127.0.0.1 at 2013-01-20 21:11:25 +0200
Served asset /rails.png - 304 Not Modified (0ms)


Started GET "/assets/rails.png" for 127.0.0.1 at 2013-01-20 21:11:27 +0200
Served asset /rails.png - 304 Not Modified (0ms)


Started GET "/assets/rails.png" for 127.0.0.1 at 2013-01-20 21:11:32 +0200
Served asset /rails.png - 304 Not Modified (0ms)


Started GET "/users/sign_out" for 127.0.0.1 at 2013-01-20 21:11:42 +0200

ActionController::RoutingError (No route matches [GET] "/users/sign_out"):
  actionpack (3.2.8) lib/action_dispatch/middleware/debug_exceptions.rb:21:in `call'
  actionpack (3.2.8) lib/action_dispatch/middleware/show_exceptions.rb:56:in `call'
  railties (3.2.8) lib/rails/rack/logger.rb:26:in `call_app'
  railties (3.2.8) lib/rails/rack/logger.rb:16:in `call'
  actionpack (3.2.8) lib/action_dispatch/middleware/request_id.rb:22:in `call'
  rack (1.4.4) lib/rack/methodoverride.rb:21:in `call'
  rack (1.4.4) lib/rack/runtime.rb:17:in `call'
  activesupport (3.2.8) lib/active_support/cache/strategy/local_cache.rb:72:in `call'
  rack (1.4.4) lib/rack/lock.rb:15:in `call'
  actionpack (3.2.8) lib/action_dispatch/middleware/static.rb:62:in `call'
  railties (3.2.8) lib/rails/engine.rb:479:in `call'
  railties (3.2.8) lib/rails/application.rb:223:in `call'
  rack (1.4.4) lib/rack/content_length.rb:14:in `call'
  railties (3.2.8) lib/rails/rack/log_tailer.rb:17:in `call'
  rack (1.4.4) lib/rack/handler/webrick.rb:59:in `service'
  /home/veronika/.rvm/rubies/ruby-1.9.3-p374/lib/ruby/1.9.1/webrick/httpserver.rb:138:in `service'
  /home/veronika/.rvm/rubies/ruby-1.9.3-p374/lib/ruby/1.9.1/webrick/httpserver.rb:94:in `run'
  /home/veronika/.rvm/rubies/ruby-1.9.3-p374/lib/ruby/1.9.1/webrick/server.rb:191:in `block in start_thread'


  Rendered /home/veronika/.rvm/gems/ruby-1.9.3-p374/gems/actionpack-3.2.8/lib/action_dispatch/middleware/templates/rescues/routing_error.erb within rescues/layout (4.7ms)
Connecting to database specified by database.yml
  [1m[36m (0.5ms)[0m  [1mselect sqlite_version(*)[0m
  [1m[35m (58.5ms)[0m  CREATE TABLE "schema_migrations" ("version" varchar(255) NOT NULL) 
  [1m[36m (0.0ms)[0m  [1mPRAGMA index_list("schema_migrations")[0m
  [1m[35m (97.0ms)[0m  CREATE UNIQUE INDEX "unique_schema_migrations" ON "schema_migrations" ("version")
  [1m[36m (0.0ms)[0m  [1mSELECT "schema_migrations"."version" FROM "schema_migrations" [0m
Migrating to DeviseCreateUsers (20130120185602)
  [1m[35m (0.0ms)[0m  begin transaction
  [1m[36m (0.5ms)[0m  [1mCREATE TABLE "users" ("id" INTEGER PRIMARY KEY AUTOINCREMENT NOT NULL, "email" varchar(255) DEFAULT '' NOT NULL, "encrypted_password" varchar(255) DEFAULT '' NOT NULL, "reset_password_token" varchar(255), "reset_password_sent_at" datetime, "remember_created_at" datetime, "sign_in_count" integer DEFAULT 0, "current_sign_in_at" datetime, "last_sign_in_at" datetime, "current_sign_in_ip" varchar(255), "last_sign_in_ip" varchar(255), "created_at" datetime NOT NULL, "updated_at" datetime NOT NULL) [0m
  [1m[35m (0.0ms)[0m  PRAGMA index_list("users")
  [1m[36m (0.5ms)[0m  [1mCREATE UNIQUE INDEX "index_users_on_email" ON "users" ("email")[0m
  [1m[35m (0.0ms)[0m  PRAGMA index_list("users")
  [1m[36m (0.0ms)[0m  [1mPRAGMA index_info('index_users_on_email')[0m
  [1m[35m (0.0ms)[0m  CREATE UNIQUE INDEX "index_users_on_reset_password_token" ON "users" ("reset_password_token")
  [1m[36m (0.0ms)[0m  [1mINSERT INTO "schema_migrations" ("version") VALUES ('20130120185602')[0m
  [1m[35m (82.0ms)[0m  commit transaction
  [1m[36m (0.5ms)[0m  [1mselect sqlite_version(*)[0m
  [1m[35m (0.0ms)[0m  SELECT "schema_migrations"."version" FROM "schema_migrations" 
  [1m[36m (0.0ms)[0m  [1mPRAGMA index_list("users")[0m
  [1m[35m (0.0ms)[0m  PRAGMA index_info('index_users_on_reset_password_token')
  [1m[36m (0.0ms)[0m  [1mPRAGMA index_info('index_users_on_email')[0m
Connecting to database specified by database.yml


Started GET "/assets/rails.png" for 127.0.0.1 at 2013-01-21 15:50:46 +0200
Served asset /rails.png - 200 OK (73ms)


Started GET "/users/sign_up" for 127.0.0.1 at 2013-01-21 15:50:52 +0200
Processing by Devise::RegistrationsController#new as HTML
  Rendered C:/Ruby192/lib/ruby/gems/1.9.1/gems/devise-2.2.2/app/views/devise/shared/_links.erb (1.5ms)
  Rendered C:/Ruby192/lib/ruby/gems/1.9.1/gems/devise-2.2.2/app/views/devise/registrations/new.html.erb within layouts/application (263.6ms)
Compiled application.css  (0ms)  (pid 9520)
Compiled jquery.js  (7ms)  (pid 9520)
Compiled jquery_ujs.js  (0ms)  (pid 9520)
Compiled application.js  (128ms)  (pid 9520)
Completed 200 OK in 1073ms (Views: 694.6ms | ActiveRecord: 27.5ms)


Started GET "/assets/jquery.js?body=1" for 127.0.0.1 at 2013-01-21 15:50:54 +0200
Served asset /jquery.js - 200 OK (5ms)


Started GET "/assets/jquery_ujs.js?body=1" for 127.0.0.1 at 2013-01-21 15:50:54 +0200
Served asset /jquery_ujs.js - 200 OK (4ms)


Started GET "/assets/application.css?body=1" for 127.0.0.1 at 2013-01-21 15:50:54 +0200
Served asset /application.css - 200 OK (4ms)


Started GET "/assets/application.js?body=1" for 127.0.0.1 at 2013-01-21 15:50:54 +0200
Served asset /application.js - 200 OK (11ms)


Started POST "/users" for 127.0.0.1 at 2013-01-21 15:51:10 +0200
Processing by Devise::RegistrationsController#create as HTML
  Parameters: {"utf8"=>"✓", "authenticity_token"=>"5DvyZbB3Fmh9gov1QkP4qOaNbm35WEcN7qhOJV7Zvfc=", "user"=>{"email"=>"exe.shka.exe@gmail.com", "password"=>"[FILTERED]", "password_confirmation"=>"[FILTERED]"}, "commit"=>"Sign up"}
  [1m[36m (0.0ms)[0m  [1mbegin transaction[0m
  [1m[35mUser Exists (0.0ms)[0m  SELECT 1 AS one FROM "users" WHERE "users"."email" = 'exe.shka.exe@gmail.com' LIMIT 1
Binary data inserted for `string` type on column `encrypted_password`
  [1m[36mSQL (56.0ms)[0m  [1mINSERT INTO "users" ("created_at", "current_sign_in_at", "current_sign_in_ip", "email", "encrypted_password", "last_sign_in_at", "last_sign_in_ip", "remember_created_at", "reset_password_sent_at", "reset_password_token", "sign_in_count", "updated_at") VALUES (?, ?, ?, ?, ?, ?, ?, ?, ?, ?, ?, ?)[0m  [["created_at", Mon, 21 Jan 2013 13:51:10 UTC +00:00], ["current_sign_in_at", nil], ["current_sign_in_ip", nil], ["email", "exe.shka.exe@gmail.com"], ["encrypted_password", "$2a$10$5xe7q8zApV/iaTsGi.B.BuhlfaGYX0cC9j8cwGgSoHK3lbsKgy99m"], ["last_sign_in_at", nil], ["last_sign_in_ip", nil], ["remember_created_at", nil], ["reset_password_sent_at", nil], ["reset_password_token", nil], ["sign_in_count", 0], ["updated_at", Mon, 21 Jan 2013 13:51:10 UTC +00:00]]
  [1m[35m (84.0ms)[0m  commit transaction
  [1m[36m (0.0ms)[0m  [1mbegin transaction[0m
  [1m[35m (1.0ms)[0m  UPDATE "users" SET "last_sign_in_at" = '2013-01-21 13:51:10.856271', "current_sign_in_at" = '2013-01-21 13:51:10.856271', "last_sign_in_ip" = '127.0.0.1', "current_sign_in_ip" = '127.0.0.1', "sign_in_count" = 1, "updated_at" = '2013-01-21 13:51:10.857271' WHERE "users"."id" = 1
  [1m[36m (62.0ms)[0m  [1mcommit transaction[0m
Redirected to http://localhost:3000/
Completed 302 Found in 686ms (ActiveRecord: 0.0ms)
Connecting to database specified by database.yml


Started GET "/assets/rails.png" for 127.0.0.1 at 2013-01-21 16:12:03 +0200
Served asset /rails.png - 304 Not Modified (0ms)


Started GET "/login" for 127.0.0.1 at 2013-01-21 16:12:08 +0200

ActionController::RoutingError (No route matches [GET] "/login"):
  actionpack (3.2.8) lib/action_dispatch/middleware/debug_exceptions.rb:21:in `call'
  actionpack (3.2.8) lib/action_dispatch/middleware/show_exceptions.rb:56:in `call'
  railties (3.2.8) lib/rails/rack/logger.rb:26:in `call_app'
  railties (3.2.8) lib/rails/rack/logger.rb:16:in `call'
  actionpack (3.2.8) lib/action_dispatch/middleware/request_id.rb:22:in `call'
  rack (1.4.4) lib/rack/methodoverride.rb:21:in `call'
  rack (1.4.4) lib/rack/runtime.rb:17:in `call'
  activesupport (3.2.8) lib/active_support/cache/strategy/local_cache.rb:72:in `call'
  rack (1.4.4) lib/rack/lock.rb:15:in `call'
  actionpack (3.2.8) lib/action_dispatch/middleware/static.rb:62:in `call'
  railties (3.2.8) lib/rails/engine.rb:479:in `call'
  railties (3.2.8) lib/rails/application.rb:223:in `call'
  rack (1.4.4) lib/rack/content_length.rb:14:in `call'
  railties (3.2.8) lib/rails/rack/log_tailer.rb:17:in `call'
  rack (1.4.4) lib/rack/handler/webrick.rb:59:in `service'
  C:/Ruby192/lib/ruby/1.9.1/webrick/httpserver.rb:111:in `service'
  C:/Ruby192/lib/ruby/1.9.1/webrick/httpserver.rb:70:in `run'
  C:/Ruby192/lib/ruby/1.9.1/webrick/server.rb:183:in `block in start_thread'


  Rendered C:/Ruby192/lib/ruby/gems/1.9.1/gems/actionpack-3.2.8/lib/action_dispatch/middleware/templates/rescues/routing_error.erb within rescues/layout (1.0ms)


Started GET "/auth/login" for 127.0.0.1 at 2013-01-21 16:12:17 +0200
Processing by Devise::SessionsController#new as HTML
  [1m[35mUser Load (0.0ms)[0m  SELECT "users".* FROM "users" WHERE "users"."id" = 1 LIMIT 1
Redirected to http://localhost:3000/
Filter chain halted as :require_no_authentication rendered or redirected
Completed 302 Found in 197ms (ActiveRecord: 1.0ms)


Started GET "/assets/rails.png" for 127.0.0.1 at 2013-01-21 16:12:17 +0200
Served asset /rails.png - 304 Not Modified (0ms)


Started GET "/logout" for 127.0.0.1 at 2013-01-21 16:12:55 +0200

ActionController::RoutingError (No route matches [GET] "/logout"):
  actionpack (3.2.8) lib/action_dispatch/middleware/debug_exceptions.rb:21:in `call'
  actionpack (3.2.8) lib/action_dispatch/middleware/show_exceptions.rb:56:in `call'
  railties (3.2.8) lib/rails/rack/logger.rb:26:in `call_app'
  railties (3.2.8) lib/rails/rack/logger.rb:16:in `call'
  actionpack (3.2.8) lib/action_dispatch/middleware/request_id.rb:22:in `call'
  rack (1.4.4) lib/rack/methodoverride.rb:21:in `call'
  rack (1.4.4) lib/rack/runtime.rb:17:in `call'
  activesupport (3.2.8) lib/active_support/cache/strategy/local_cache.rb:72:in `call'
  rack (1.4.4) lib/rack/lock.rb:15:in `call'
  actionpack (3.2.8) lib/action_dispatch/middleware/static.rb:62:in `call'
  railties (3.2.8) lib/rails/engine.rb:479:in `call'
  railties (3.2.8) lib/rails/application.rb:223:in `call'
  rack (1.4.4) lib/rack/content_length.rb:14:in `call'
  railties (3.2.8) lib/rails/rack/log_tailer.rb:17:in `call'
  rack (1.4.4) lib/rack/handler/webrick.rb:59:in `service'
  C:/Ruby192/lib/ruby/1.9.1/webrick/httpserver.rb:111:in `service'
  C:/Ruby192/lib/ruby/1.9.1/webrick/httpserver.rb:70:in `run'
  C:/Ruby192/lib/ruby/1.9.1/webrick/server.rb:183:in `block in start_thread'


  Rendered C:/Ruby192/lib/ruby/gems/1.9.1/gems/actionpack-3.2.8/lib/action_dispatch/middleware/templates/rescues/routing_error.erb within rescues/layout (0.5ms)


Started GET "/login" for 127.0.0.1 at 2013-01-21 16:13:11 +0200

ActionController::RoutingError (No route matches [GET] "/login"):
  actionpack (3.2.8) lib/action_dispatch/middleware/debug_exceptions.rb:21:in `call'
  actionpack (3.2.8) lib/action_dispatch/middleware/show_exceptions.rb:56:in `call'
  railties (3.2.8) lib/rails/rack/logger.rb:26:in `call_app'
  railties (3.2.8) lib/rails/rack/logger.rb:16:in `call'
  actionpack (3.2.8) lib/action_dispatch/middleware/request_id.rb:22:in `call'
  rack (1.4.4) lib/rack/methodoverride.rb:21:in `call'
  rack (1.4.4) lib/rack/runtime.rb:17:in `call'
  activesupport (3.2.8) lib/active_support/cache/strategy/local_cache.rb:72:in `call'
  rack (1.4.4) lib/rack/lock.rb:15:in `call'
  actionpack (3.2.8) lib/action_dispatch/middleware/static.rb:62:in `call'
  railties (3.2.8) lib/rails/engine.rb:479:in `call'
  railties (3.2.8) lib/rails/application.rb:223:in `call'
  rack (1.4.4) lib/rack/content_length.rb:14:in `call'
  railties (3.2.8) lib/rails/rack/log_tailer.rb:17:in `call'
  rack (1.4.4) lib/rack/handler/webrick.rb:59:in `service'
  C:/Ruby192/lib/ruby/1.9.1/webrick/httpserver.rb:111:in `service'
  C:/Ruby192/lib/ruby/1.9.1/webrick/httpserver.rb:70:in `run'
  C:/Ruby192/lib/ruby/1.9.1/webrick/server.rb:183:in `block in start_thread'


  Rendered C:/Ruby192/lib/ruby/gems/1.9.1/gems/actionpack-3.2.8/lib/action_dispatch/middleware/templates/rescues/routing_error.erb within rescues/layout (0.5ms)


Started GET "/auth/login" for 127.0.0.1 at 2013-01-21 16:14:04 +0200

ActionController::RoutingError (No route matches [GET] "/auth/login"):
  actionpack (3.2.8) lib/action_dispatch/middleware/debug_exceptions.rb:21:in `call'
  actionpack (3.2.8) lib/action_dispatch/middleware/show_exceptions.rb:56:in `call'
  railties (3.2.8) lib/rails/rack/logger.rb:26:in `call_app'
  railties (3.2.8) lib/rails/rack/logger.rb:16:in `call'
  actionpack (3.2.8) lib/action_dispatch/middleware/request_id.rb:22:in `call'
  rack (1.4.4) lib/rack/methodoverride.rb:21:in `call'
  rack (1.4.4) lib/rack/runtime.rb:17:in `call'
  activesupport (3.2.8) lib/active_support/cache/strategy/local_cache.rb:72:in `call'
  rack (1.4.4) lib/rack/lock.rb:15:in `call'
  actionpack (3.2.8) lib/action_dispatch/middleware/static.rb:62:in `call'
  railties (3.2.8) lib/rails/engine.rb:479:in `call'
  railties (3.2.8) lib/rails/application.rb:223:in `call'
  rack (1.4.4) lib/rack/content_length.rb:14:in `call'
  railties (3.2.8) lib/rails/rack/log_tailer.rb:17:in `call'
  rack (1.4.4) lib/rack/handler/webrick.rb:59:in `service'
  C:/Ruby192/lib/ruby/1.9.1/webrick/httpserver.rb:111:in `service'
  C:/Ruby192/lib/ruby/1.9.1/webrick/httpserver.rb:70:in `run'
  C:/Ruby192/lib/ruby/1.9.1/webrick/server.rb:183:in `block in start_thread'


  Rendered C:/Ruby192/lib/ruby/gems/1.9.1/gems/actionpack-3.2.8/lib/action_dispatch/middleware/templates/rescues/routing_error.erb within rescues/layout (0.5ms)


Started GET "/login" for 127.0.0.1 at 2013-01-21 16:14:24 +0200
Processing by Devise::SessionsController#new as HTML
  [1m[36mUser Load (0.0ms)[0m  [1mSELECT "users".* FROM "users" WHERE "users"."id" = 1 LIMIT 1[0m
Redirected to http://localhost:3000/
Filter chain halted as :require_no_authentication rendered or redirected
Completed 302 Found in 10ms (ActiveRecord: 0.0ms)


Started GET "/assets/rails.png" for 127.0.0.1 at 2013-01-21 16:14:24 +0200
Served asset /rails.png - 304 Not Modified (0ms)


Started GET "/logout" for 127.0.0.1 at 2013-01-21 16:14:32 +0200

ActionController::RoutingError (No route matches [GET] "/logout"):
  actionpack (3.2.8) lib/action_dispatch/middleware/debug_exceptions.rb:21:in `call'
  actionpack (3.2.8) lib/action_dispatch/middleware/show_exceptions.rb:56:in `call'
  railties (3.2.8) lib/rails/rack/logger.rb:26:in `call_app'
  railties (3.2.8) lib/rails/rack/logger.rb:16:in `call'
  actionpack (3.2.8) lib/action_dispatch/middleware/request_id.rb:22:in `call'
  rack (1.4.4) lib/rack/methodoverride.rb:21:in `call'
  rack (1.4.4) lib/rack/runtime.rb:17:in `call'
  activesupport (3.2.8) lib/active_support/cache/strategy/local_cache.rb:72:in `call'
  rack (1.4.4) lib/rack/lock.rb:15:in `call'
  actionpack (3.2.8) lib/action_dispatch/middleware/static.rb:62:in `call'
  railties (3.2.8) lib/rails/engine.rb:479:in `call'
  railties (3.2.8) lib/rails/application.rb:223:in `call'
  rack (1.4.4) lib/rack/content_length.rb:14:in `call'
  railties (3.2.8) lib/rails/rack/log_tailer.rb:17:in `call'
  rack (1.4.4) lib/rack/handler/webrick.rb:59:in `service'
  C:/Ruby192/lib/ruby/1.9.1/webrick/httpserver.rb:111:in `service'
  C:/Ruby192/lib/ruby/1.9.1/webrick/httpserver.rb:70:in `run'
  C:/Ruby192/lib/ruby/1.9.1/webrick/server.rb:183:in `block in start_thread'


  Rendered C:/Ruby192/lib/ruby/gems/1.9.1/gems/actionpack-3.2.8/lib/action_dispatch/middleware/templates/rescues/routing_error.erb within rescues/layout (0.5ms)


Started GET "/login" for 127.0.0.1 at 2013-01-21 16:14:38 +0200
Processing by Devise::SessionsController#new as HTML
  [1m[35mUser Load (0.0ms)[0m  SELECT "users".* FROM "users" WHERE "users"."id" = 1 LIMIT 1
Redirected to http://localhost:3000/
Filter chain halted as :require_no_authentication rendered or redirected
Completed 302 Found in 2ms (ActiveRecord: 0.0ms)


Started GET "/assets/rails.png" for 127.0.0.1 at 2013-01-21 16:14:38 +0200
Served asset /rails.png - 304 Not Modified (0ms)
Connecting to database specified by database.yml
Connecting to database specified by database.yml
